<?xml version="1.0" encoding="UTF-8"?>
<!-- Generated by org.testng.reporters.JUnitXMLReporter -->
<testsuite hostname="DESKTOP-CLL7HKG" ignored="0" name="ChromeTest" tests="2" failures="0" timestamp="24 Apr 2020 03:04:42 GMT" time="28.582" errors="0">
  <testcase name="SearchCustomerbyEmail" time="9.164" classname="com.nopCommerce.testCase.Tc_SearchCustomerbyEmail_004"/>
  <testcase name="SearchCustomerbyName" time="7.43" classname="com.nopCommerce.testCase.Tc_SearchCustomerbyName_005"/>
</testsuite> <!-- ChromeTest -->
