<?xml version="1.0" encoding="UTF-8"?>
<testng-results skipped="0" failed="0" ignored="0" total="2" passed="2">
  <reporter-output>
  </reporter-output>
  <suite name="Suite" duration-ms="29515" started-at="2020-04-25T00:01:19Z" finished-at="2020-04-25T00:01:48Z">
    <groups>
    </groups>
    <test name="ChromeTest" duration-ms="29515" started-at="2020-04-25T00:01:19Z" finished-at="2020-04-25T00:01:48Z">
      <class name="com.nopCommerce.testCase.Tc_SearchCustomerbyName_005">
        <test-method status="PASS" signature="setup(java.lang.String)[pri:0, instance:com.nopCommerce.testCase.Tc_SearchCustomerbyName_005@68999068]" name="setup" is-config="true" duration-ms="5332" started-at="2020-04-25T00:01:35Z" finished-at="2020-04-25T00:01:41Z">
          <params>
            <param index="0">
              <value>
                <![CDATA[Chrome]]>
              </value>
            </param>
          </params>
          <reporter-output>
          </reporter-output>
        </test-method> <!-- setup -->
        <test-method status="PASS" signature="SearchCustomerbyName()[pri:0, instance:com.nopCommerce.testCase.Tc_SearchCustomerbyName_005@68999068]" name="SearchCustomerbyName" duration-ms="7337" started-at="2020-04-25T00:01:41Z" finished-at="2020-04-25T00:01:48Z">
          <reporter-output>
          </reporter-output>
        </test-method> <!-- SearchCustomerbyName -->
        <test-method status="PASS" signature="tearDown()[pri:0, instance:com.nopCommerce.testCase.Tc_SearchCustomerbyName_005@68999068]" name="tearDown" is-config="true" duration-ms="86" started-at="2020-04-25T00:01:48Z" finished-at="2020-04-25T00:01:48Z">
          <reporter-output>
          </reporter-output>
        </test-method> <!-- tearDown -->
      </class> <!-- com.nopCommerce.testCase.Tc_SearchCustomerbyName_005 -->
      <class name="com.nopCommerce.testCase.Tc_SearchCustomerbyEmail_004">
        <test-method status="PASS" signature="setup(java.lang.String)[pri:0, instance:com.nopCommerce.testCase.Tc_SearchCustomerbyEmail_004@708f5957]" name="setup" is-config="true" duration-ms="6808" started-at="2020-04-25T00:01:19Z" finished-at="2020-04-25T00:01:25Z">
          <params>
            <param index="0">
              <value>
                <![CDATA[Chrome]]>
              </value>
            </param>
          </params>
          <reporter-output>
          </reporter-output>
        </test-method> <!-- setup -->
        <test-method status="PASS" signature="SearchCustomerbyEmail()[pri:0, instance:com.nopCommerce.testCase.Tc_SearchCustomerbyEmail_004@708f5957]" name="SearchCustomerbyEmail" duration-ms="9732" started-at="2020-04-25T00:01:26Z" finished-at="2020-04-25T00:01:35Z">
          <reporter-output>
          </reporter-output>
        </test-method> <!-- SearchCustomerbyEmail -->
        <test-method status="PASS" signature="tearDown()[pri:0, instance:com.nopCommerce.testCase.Tc_SearchCustomerbyEmail_004@708f5957]" name="tearDown" is-config="true" duration-ms="92" started-at="2020-04-25T00:01:35Z" finished-at="2020-04-25T00:01:35Z">
          <reporter-output>
          </reporter-output>
        </test-method> <!-- tearDown -->
      </class> <!-- com.nopCommerce.testCase.Tc_SearchCustomerbyEmail_004 -->
    </test> <!-- ChromeTest -->
  </suite> <!-- Suite -->
</testng-results>
